[16:36:44] [ServerMain/INFO]: Environment: Environment[sessionHost=https://sessionserver.mojang.com, servicesHost=https://api.minecraftservices.com, name=PROD]
[16:36:46] [ServerMain/INFO]: Loaded 1175 recipes
[16:36:46] [ServerMain/INFO]: Loaded 1276 advancements
[16:36:47] [Server thread/INFO]: Starting minecraft server version 1.20.6
[16:36:47] [Server thread/INFO]: Loading properties
[16:36:47] [Server thread/INFO]: Default game type: SURVIVAL
[16:36:47] [Server thread/INFO]: Generating keypair
[16:36:47] [Server thread/INFO]: Starting Minecraft server on *:25565
[16:36:47] [Server thread/INFO]: Using epoll channel type
[16:36:47] [Server thread/WARN]: **** SERVER IS RUNNING IN OFFLINE/INSECURE MODE!
[16:36:47] [Server thread/WARN]: The server will make no attempt to authenticate usernames. Beware.
[16:36:47] [Server thread/WARN]: While this makes the game possible to play without internet access, it also opens up the ability for hackers to connect with any username they choose.
[16:36:47] [Server thread/WARN]: To change this, set "online-mode" to "true" in the server.properties file.
[16:36:47] [Server thread/INFO]: Preparing level "world"
[16:36:56] [Server thread/INFO]: Preparing start region for dimension minecraft:overworld
[16:36:58] [Worker-Main-1/INFO]: Preparing spawn area: 0%
[16:36:58] [Worker-Main-1/INFO]: Preparing spawn area: 0%
[16:36:58] [Worker-Main-1/INFO]: Preparing spawn area: 0%
[16:36:58] [Worker-Main-1/INFO]: Preparing spawn area: 0%
[16:36:58] [Worker-Main-1/INFO]: Preparing spawn area: 0%
[16:36:58] [Worker-Main-1/INFO]: Preparing spawn area: 0%
[16:36:58] [Server thread/INFO]: Time elapsed: 2882 ms
[16:36:58] [Server thread/INFO]: Done (11.167s)! For help, type "help"
[16:37:24] [Server thread/INFO]: Rip_Evan[/[0:0:0:0:0:0:0:1%0]:59666] logged in with entity id 9 at (182.5, 88.875, 13.5)
[16:37:24] [Server thread/INFO]: Rip_Evan joined the game
